#
# There is insufficient memory for the Java Runtime Environment to continue.
# Native memory allocation (malloc) failed to allocate 784496 bytes for Chunk::new
# Possible reasons:
#   The system is out of physical RAM or swap space
#   The process is running with CompressedOops enabled, and the Java Heap may be blocking the growth of the native heap
# Possible solutions:
#   Reduce memory load on the system
#   Increase physical memory or swap space
#   Check if swap backing store is full
#   Decrease Java heap size (-Xmx/-Xms)
#   Decrease number of Java threads
#   Decrease Java thread stack sizes (-Xss)
#   Set larger code cache with -XX:ReservedCodeCacheSize=
#   JVM is running with Zero Based Compressed Oops mode in which the Java heap is
#     placed in the first 32GB address space. The Java Heap base address is the
#     maximum limit for the native heap growth. Please use -XX:HeapBaseMinAddress
#     to set the Java Heap base and to place the Java Heap above 32GB virtual address.
# This output file may be truncated or incomplete.
#
#  Out of Memory Error (allocation.cpp:389), pid=1384, tid=0x00000000000014d0
#
# JRE version: OpenJDK Runtime Environment (8.0_242-b01) (build 1.8.0_242-release-1644-b01)
# Java VM: OpenJDK 64-Bit Server VM (25.242-b01 mixed mode windows-amd64 compressed oops)
# Failed to write core dump. Minidumps are not enabled by default on client versions of Windows
#

---------------  T H R E A D  ---------------

Current thread (0x000000001c1bb800):  JavaThread "C2 CompilerThread1" daemon [_thread_in_native, id=5328, stack(0x000000001d920000,0x000000001da20000)]

Stack: [0x000000001d920000,0x000000001da20000]
[error occurred during error reporting (printing stack bounds), id 0xc0000005]

Native frames: (J=compiled Java code, j=interpreted, Vv=VM code, C=native code)


Current CompileTask:
C2:  13585 7895       4       com.sun.tools.javac.util.Convert::quote (131 bytes)


---------------  P R O C E S S  ---------------

Java Threads: ( => current thread )
  0x000000001db51800 JavaThread "Service Thread" daemon [_thread_blocked, id=3716, stack(0x000000001df20000,0x000000001e020000)]
  0x000000001c1bf000 JavaThread "C1 CompilerThread2" daemon [_thread_in_native, id=11352, stack(0x000000001da20000,0x000000001db20000)]
=>0x000000001c1bb800 JavaThread "C2 CompilerThread1" daemon [_thread_in_native, id=5328, stack(0x000000001d920000,0x000000001da20000)]
  0x000000001c1b9000 JavaThread "C2 CompilerThread0" daemon [_thread_in_native, id=12356, stack(0x000000001d820000,0x000000001d920000)]
  0x000000001c1b6800 JavaThread "Attach Listener" daemon [_thread_blocked, id=13972, stack(0x000000001d720000,0x000000001d820000)]
  0x000000001c1b5800 JavaThread "Signal Dispatcher" daemon [_thread_blocked, id=4040, stack(0x000000001d620000,0x000000001d720000)]
  0x0000000002b5d800 JavaThread "Finalizer" daemon [_thread_blocked, id=11532, stack(0x000000001d410000,0x000000001d510000)]
  0x000000001c198800 JavaThread "Reference Handler" daemon [_thread_blocked, id=3840, stack(0x000000001d310000,0x000000001d410000)]
  0x0000000002a63000 JavaThread "main" [_thread_in_native, id=9576, stack(0x0000000002940000,0x0000000002a40000)]

Other Threads:
  0x000000001c177000 VMThread [stack: 0x000000001d210000,0x000000001d310000] [id=14104]
  0x000000001db5a000 WatcherThread [stack: 0x000000001e020000,0x000000001e120000] [id=10076]

VM state:not at safepoint (normal execution)

VM Mutex/Monitor currently owned by a thread:  ([mutex/lock_event])
[0x0000000002bbcbe0] CodeCache_lock - owner thread: 0x000000001c1bf000
[0x0000000002a60f50] Compile_lock - owner thread: 0x0000000000000000

heap address: 0x00000006c2000000, size: 4064 MB, Compressed Oops mode: Zero based, Oop shift amount: 3
Narrow klass base: 0x0000000000000000, Narrow klass shift: 3
Compressed class space size: 1073741824 Address: 0x00000007c0000000

Heap:
 PSYoungGen      total 188416K, used 31574K [0x000000076b580000, 0x0000000777e80000, 0x00000007c0000000)
  eden space 177664K, 17% used [0x000000076b580000,0x000000076d455a98,0x0000000776300000)
  from space 10752K, 0% used [0x0000000776980000,0x0000000776980000,0x0000000777400000)
  to   space 10752K, 0% used [0x0000000777400000,0x0000000777400000,0x0000000777e80000)
 ParOldGen       total 217088K, used 63924K [0x00000006c2000000, 0x00000006cf400000, 0x000000076b580000)
  object space 217088K, 29% used [0x00000006c2000000,0x00000006c5e6d148,0x00000006cf400000)
 Metaspace       used 61592K, capacity 62814K, committed 62936K, reserved 1103872K
  class space    used 7309K, capacity 7619K, committed 7680K, reserved 1048576K

Card table byte_map: [0x0000000011f80000,0x0000000012780000] byte_map_base: 0x000000000e970000

Marking Bits: (ParMarkBitMap*) 0x000000006481f030
 Begin Bits: [0x00000000130d0000, 0x0000000017050000)
 End Bits:   [0x0000000017050000, 0x000000001afd0000)

Polling page: 0x0000000001140000

CodeCache: size=245760Kb used=25236Kb max_used=26130Kb free=220523Kb
 bounds [0x0000000002bc0000, 0x0000000004560000, 0x0000000011bc0000]
 total_blobs=7498 nmethods=6934 adapters=472
 compilation: enabled

Compilation events (10 events):
Event: 13.565 Thread 0x000000001c1bf000 nmethod 7990 0x00000000035a3090 code [0x00000000035a3260, 0x00000000035a3b28]
Event: 13.565 Thread 0x000000001c1bf000 7991       3       org.jetbrains.kotlin.psi.KtVisitorVoid::visitNamedDeclaration (17 bytes)
Event: 13.566 Thread 0x000000001c1bf000 nmethod 7991 0x0000000003bc48d0 code [0x0000000003bc4a80, 0x0000000003bc5018]
Event: 13.566 Thread 0x000000001c1bf000 7993       3       org.jetbrains.kotlin.psi.KtElementImpl::accept (34 bytes)
Event: 13.567 Thread 0x000000001c1bf000 nmethod 7993 0x00000000034243d0 code [0x0000000003424580, 0x0000000003424b28]
Event: 13.567 Thread 0x000000001c1bf000 7992       3       org.jetbrains.kotlin.psi.KtValueArgument::accept (15 bytes)
Event: 13.567 Thread 0x000000001c1bf000 nmethod 7992 0x0000000003416ed0 code [0x0000000003417040, 0x00000000034172f8]
Event: 13.572 Thread 0x000000001c1bf000 7994       1       org.jetbrains.kotlin.com.intellij.util.containers.ConcurrentIntObjectHashMap::spread (10 bytes)
Event: 13.572 Thread 0x000000001c1bf000 nmethod 7994 0x000000000366e150 code [0x000000000366e2a0, 0x000000000366e390]
Event: 13.581 Thread 0x000000001c1bf000 8001   !   3       org.jetbrains.kotlin.com.intellij.util.containers.RefHashMap::processQueue (58 bytes)

GC Heap History (10 events):
Event: 4.474 GC heap before
{Heap before GC invocations=4 (full 1):
 PSYoungGen      total 140800K, used 102460K [0x000000076b580000, 0x0000000774980000, 0x00000007c0000000)
  eden space 130048K, 78% used [0x000000076b580000,0x000000077198f380,0x0000000773480000)
  from space 10752K, 0% used [0x0000000773f00000,0x0000000773f00000,0x0000000774980000)
  to   space 10752K, 0% used [0x0000000773480000,0x0000000773480000,0x0000000773f00000)
 ParOldGen       total 135680K, used 22342K [0x00000006c2000000, 0x00000006ca480000, 0x000000076b580000)
  object space 135680K, 16% used [0x00000006c2000000,0x00000006c35d1930,0x00000006ca480000)
 Metaspace       used 34582K, capacity 35202K, committed 35416K, reserved 1081344K
  class space    used 4313K, capacity 4476K, committed 4480K, reserved 1048576K
Event: 4.509 GC heap after
Heap after GC invocations=4 (full 1):
 PSYoungGen      total 140800K, used 10745K [0x000000076b580000, 0x0000000777e80000, 0x00000007c0000000)
  eden space 130048K, 0% used [0x000000076b580000,0x000000076b580000,0x0000000773480000)
  from space 10752K, 99% used [0x0000000773480000,0x0000000773efe670,0x0000000773f00000)
  to   space 10752K, 0% used [0x0000000777400000,0x0000000777400000,0x0000000777e80000)
 ParOldGen       total 135680K, used 35387K [0x00000006c2000000, 0x00000006ca480000, 0x000000076b580000)
  object space 135680K, 26% used [0x00000006c2000000,0x00000006c428ed50,0x00000006ca480000)
 Metaspace       used 34582K, capacity 35202K, committed 35416K, reserved 1081344K
  class space    used 4313K, capacity 4476K, committed 4480K, reserved 1048576K
}
Event: 4.509 GC heap before
{Heap before GC invocations=5 (full 2):
 PSYoungGen      total 140800K, used 10745K [0x000000076b580000, 0x0000000777e80000, 0x00000007c0000000)
  eden space 130048K, 0% used [0x000000076b580000,0x000000076b580000,0x0000000773480000)
  from space 10752K, 99% used [0x0000000773480000,0x0000000773efe670,0x0000000773f00000)
  to   space 10752K, 0% used [0x0000000777400000,0x0000000777400000,0x0000000777e80000)
 ParOldGen       total 135680K, used 35387K [0x00000006c2000000, 0x00000006ca480000, 0x000000076b580000)
  object space 135680K, 26% used [0x00000006c2000000,0x00000006c428ed50,0x00000006ca480000)
 Metaspace       used 34582K, capacity 35202K, committed 35416K, reserved 1081344K
  class space    used 4313K, capacity 4476K, committed 4480K, reserved 1048576K
Event: 4.623 GC heap after
Heap after GC invocations=5 (full 2):
 PSYoungGen      total 140800K, used 0K [0x000000076b580000, 0x0000000777e80000, 0x00000007c0000000)
  eden space 130048K, 0% used [0x000000076b580000,0x000000076b580000,0x0000000773480000)
  from space 10752K, 0% used [0x0000000773480000,0x0000000773480000,0x0000000773f00000)
  to   space 10752K, 0% used [0x0000000777400000,0x0000000777400000,0x0000000777e80000)
 ParOldGen       total 217088K, used 42568K [0x00000006c2000000, 0x00000006cf400000, 0x000000076b580000)
  object space 217088K, 19% used [0x00000006c2000000,0x00000006c49921e0,0x00000006cf400000)
 Metaspace       used 34582K, capacity 35202K, committed 35416K, reserved 1081344K
  class space    used 4313K, capacity 4476K, committed 4480K, reserved 1048576K
}
Event: 8.321 GC heap before
{Heap before GC invocations=6 (full 2):
 PSYoungGen      total 140800K, used 130048K [0x000000076b580000, 0x0000000777e80000, 0x00000007c0000000)
  eden space 130048K, 100% used [0x000000076b580000,0x0000000773480000,0x0000000773480000)
  from space 10752K, 0% used [0x0000000773480000,0x0000000773480000,0x0000000773f00000)
  to   space 10752K, 0% used [0x0000000777400000,0x0000000777400000,0x0000000777e80000)
 ParOldGen       total 217088K, used 42568K [0x00000006c2000000, 0x00000006cf400000, 0x000000076b580000)
  object space 217088K, 19% used [0x00000006c2000000,0x00000006c49921e0,0x00000006cf400000)
 Metaspace       used 45248K, capacity 46094K, committed 46424K, reserved 1089536K
  class space    used 5439K, capacity 5671K, committed 5760K, reserved 1048576K
Event: 8.353 GC heap after
Heap after GC invocations=6 (full 2):
 PSYoungGen      total 188416K, used 10727K [0x000000076b580000, 0x0000000777e80000, 0x00000007c0000000)
  eden space 177664K, 0% used [0x000000076b580000,0x000000076b580000,0x0000000776300000)
  from space 10752K, 99% used [0x0000000777400000,0x0000000777e79e90,0x0000000777e80000)
  to   space 10752K, 0% used [0x0000000776980000,0x0000000776980000,0x0000000777400000)
 ParOldGen       total 217088K, used 57623K [0x00000006c2000000, 0x00000006cf400000, 0x000000076b580000)
  object space 217088K, 26% used [0x00000006c2000000,0x00000006c5845f60,0x00000006cf400000)
 Metaspace       used 45248K, capacity 46094K, committed 46424K, reserved 1089536K
  class space    used 5439K, capacity 5671K, committed 5760K, reserved 1048576K
}
Event: 12.438 GC heap before
{Heap before GC invocations=7 (full 2):
 PSYoungGen      total 188416K, used 115996K [0x000000076b580000, 0x0000000777e80000, 0x00000007c0000000)
  eden space 177664K, 59% used [0x000000076b580000,0x0000000771c4d398,0x0000000776300000)
  from space 10752K, 99% used [0x0000000777400000,0x0000000777e79e90,0x0000000777e80000)
  to   space 10752K, 0% used [0x0000000776980000,0x0000000776980000,0x0000000777400000)
 ParOldGen       total 217088K, used 57623K [0x00000006c2000000, 0x00000006cf400000, 0x000000076b580000)
  object space 217088K, 26% used [0x00000006c2000000,0x00000006c5845f60,0x00000006cf400000)
 Metaspace       used 57815K, capacity 58908K, committed 59028K, reserved 1101824K
  class space    used 6862K, capacity 7154K, committed 7168K, reserved 1048576K
Event: 12.484 GC heap after
Heap after GC invocations=7 (full 2):
 PSYoungGen      total 188416K, used 10727K [0x000000076b580000, 0x0000000777e80000, 0x00000007c0000000)
  eden space 177664K, 0% used [0x000000076b580000,0x000000076b580000,0x0000000776300000)
  from space 10752K, 99% used [0x0000000776980000,0x00000007773f9e90,0x0000000777400000)
  to   space 10752K, 0% used [0x0000000777400000,0x0000000777400000,0x0000000777e80000)
 ParOldGen       total 217088K, used 79168K [0x00000006c2000000, 0x00000006cf400000, 0x000000076b580000)
  object space 217088K, 36% used [0x00000006c2000000,0x00000006c6d50020,0x00000006cf400000)
 Metaspace       used 57815K, capacity 58908K, committed 59028K, reserved 1101824K
  class space    used 6862K, capacity 7154K, committed 7168K, reserved 1048576K
}
Event: 12.484 GC heap before
{Heap before GC invocations=8 (full 3):
 PSYoungGen      total 188416K, used 10727K [0x000000076b580000, 0x0000000777e80000, 0x00000007c0000000)
  eden space 177664K, 0% used [0x000000076b580000,0x000000076b580000,0x0000000776300000)
  from space 10752K, 99% used [0x0000000776980000,0x00000007773f9e90,0x0000000777400000)
  to   space 10752K, 0% used [0x0000000777400000,0x0000000777400000,0x0000000777e80000)
 ParOldGen       total 217088K, used 79168K [0x00000006c2000000, 0x00000006cf400000, 0x000000076b580000)
  object space 217088K, 36% used [0x00000006c2000000,0x00000006c6d50020,0x00000006cf400000)
 Metaspace       used 57815K, capacity 58908K, committed 59028K, reserved 1101824K
  class space    used 6862K, capacity 7154K, committed 7168K, reserved 1048576K
Event: 12.813 GC heap after
Heap after GC invocations=8 (full 3):
 PSYoungGen      total 188416K, used 0K [0x000000076b580000, 0x0000000777e80000, 0x00000007c0000000)
  eden space 177664K, 0% used [0x000000076b580000,0x000000076b580000,0x0000000776300000)
  from space 10752K, 0% used [0x0000000776980000,0x0000000776980000,0x0000000777400000)
  to   space 10752K, 0% used [0x0000000777400000,0x0000000777400000,0x0000000777e80000)
 ParOldGen       total 217088K, used 63924K [0x00000006c2000000, 0x00000006cf400000, 0x000000076b580000)
  object space 217088K, 29% used [0x00000006c2000000,0x00000006c5e6d148,0x00000006cf400000)
 Metaspace       used 57815K, capacity 58908K, committed 59028K, reserved 1101824K
  class space    used 6862K, capacity 7154K, committed 7168K, reserved 1048576K
}

Deoptimization events (10 events):
Event: 13.017 Thread 0x0000000002a63000 Uncommon trap: reason=class_check action=maybe_recompile pc=0x0000000003bc2644 method=java.util.regex.Matcher.match(II)Z @ 86
Event: 13.017 Thread 0x0000000002a63000 Uncommon trap: reason=class_check action=maybe_recompile pc=0x0000000003bc2644 method=java.util.regex.Matcher.match(II)Z @ 86
Event: 13.017 Thread 0x0000000002a63000 Uncommon trap: reason=class_check action=maybe_recompile pc=0x0000000003bc2644 method=java.util.regex.Matcher.match(II)Z @ 86
Event: 13.081 Thread 0x0000000002a63000 Uncommon trap: reason=predicate action=maybe_recompile pc=0x00000000035c84d4 method=org.jetbrains.org.objectweb.asm.ClassReader.readField(Lorg/jetbrains/org/objectweb/asm/ClassVisitor;Lorg/jetbrains/org/objectweb/asm/Context;I)I @ 434
Event: 13.248 Thread 0x0000000002a63000 Uncommon trap: reason=bimorphic action=maybe_recompile pc=0x00000000032cb57c method=java.io.DataOutputStream.writeShort(I)V @ 12
Event: 13.525 Thread 0x0000000002a63000 Uncommon trap: reason=unstable_if action=reinterpret pc=0x000000000438f4c4 method=org.jetbrains.kotlin.protobuf.ByteString.copyTo([BIII)V @ 211
Event: 13.525 Thread 0x0000000002a63000 Uncommon trap: reason=unstable_if action=reinterpret pc=0x0000000003820b14 method=org.jetbrains.kotlin.protobuf.ByteString.copyTo([BIII)V @ 211
Event: 13.525 Thread 0x0000000002a63000 Uncommon trap: reason=unstable_if action=reinterpret pc=0x0000000003834f64 method=org.jetbrains.kotlin.protobuf.ByteString.copyTo([BIII)V @ 211
Event: 13.525 Thread 0x0000000002a63000 Uncommon trap: reason=bimorphic action=maybe_recompile pc=0x0000000003338d4c method=org.jetbrains.kotlin.protobuf.CodedOutputStream.refreshBuffer()V @ 28
Event: 13.578 Thread 0x0000000002a63000 Uncommon trap: reason=bimorphic action=maybe_recompile pc=0x0000000003892208 method=gnu.trove.TObjectHash.index(Ljava/lang/Object;)I @ 64

Classes redefined (0 events):
No events

Internal exceptions (10 events):
Event: 9.893 Thread 0x0000000002a63000 Exception <a 'java/lang/NoSuchMethodError': java.lang.Object.lambda$static$0(I)I> (0x000000076e2e57b0) thrown at [C:\src\AOSP-openjdk-git\hotspot\src\share\vm\interpreter\linkResolver.cpp, line 620]
Event: 10.125 Thread 0x0000000002a63000 Implicit null exception at 0x0000000002e3653c to 0x0000000002e37121
Event: 11.418 Thread 0x0000000002a63000 Implicit null exception at 0x000000000337b844 to 0x000000000337bc49
Event: 11.418 Thread 0x0000000002a63000 Implicit null exception at 0x000000000302a55d to 0x000000000302a855
Event: 11.418 Thread 0x0000000002a63000 Implicit null exception at 0x000000000310d655 to 0x000000000310d81d
Event: 11.653 Thread 0x0000000002a63000 Exception <a 'java/lang/NoSuchMethodError': java.lang.Object.lambda$static$0(Lorg/jetbrains/kotlin/descriptors/ValueParameterDescriptor;Lorg/jetbrains/kotlin/codegen/ExpressionCodegen;)Lorg/jetbrains/kotlin/codegen/StackValue;> (0x00000007708ae6c8) thrown
Event: 11.751 Thread 0x0000000002a63000 Implicit null exception at 0x0000000003088a2b to 0x0000000003088dbd
Event: 11.752 Thread 0x0000000002a63000 Implicit null exception at 0x0000000003084995 to 0x0000000003084bb9
Event: 11.872 Thread 0x0000000002a63000 Implicit null exception at 0x000000000352fb94 to 0x000000000352fd74
Event: 12.400 Thread 0x0000000002a63000 Implicit null exception at 0x0000000002fe44d4 to 0x0000000002fe4741

Events (10 events):
Event: 13.580 loading class org/jetbrains/kotlin/com/intellij/openapi/Disposable
Event: 13.580 loading class org/jetbrains/kotlin/com/intellij/openapi/Disposable done
Event: 13.581 loading class org/jetbrains/kotlin/com/intellij/openapi/Disposable
Event: 13.581 loading class org/jetbrains/kotlin/com/intellij/openapi/Disposable done
Event: 13.581 loading class org/jetbrains/kotlin/com/intellij/util/messages/impl/MessageBusImpl
Event: 13.581 loading class org/jetbrains/kotlin/com/intellij/util/messages/impl/MessageBusImpl done
Event: 13.582 loading class org/jetbrains/kotlin/com/intellij/util/containers/hash/LinkedHashMap$EntrySet
Event: 13.582 loading class org/jetbrains/kotlin/com/intellij/util/containers/hash/LinkedHashMap$EntrySet done
Event: 13.583 loading class org/jetbrains/kotlin/com/intellij/util/containers/hash/LinkedHashMap$EntrySet$1
Event: 13.583 loading class org/jetbrains/kotlin/com/intellij/util/containers/hash/LinkedHashMap$EntrySet$1 done


Dynamic libraries:
0x00007ff6e0c10000 - 0x00007ff6e0c41000 	C:\Program Files\Android\Android Studio\jre\jre\bin\java.exe
0x00007ff93a8c0000 - 0x00007ff93aab0000 	C:\Windows\SYSTEM32\ntdll.dll
0x00007ff938e40000 - 0x00007ff938ef2000 	C:\Windows\System32\KERNEL32.DLL
0x00007ff937ea0000 - 0x00007ff938145000 	C:\Windows\System32\KERNELBASE.dll
0x00007ff939a40000 - 0x00007ff939ae3000 	C:\Windows\System32\ADVAPI32.dll
0x00007ff939920000 - 0x00007ff9399be000 	C:\Windows\System32\msvcrt.dll
0x00007ff9393a0000 - 0x00007ff939437000 	C:\Windows\System32\sechost.dll
0x00007ff93a670000 - 0x00007ff93a78f000 	C:\Windows\System32\RPCRT4.dll
0x00007ff939780000 - 0x00007ff939914000 	C:\Windows\System32\USER32.dll
0x00007ff937a10000 - 0x00007ff937a31000 	C:\Windows\System32\win32u.dll
0x00007ff9390b0000 - 0x00007ff9390d6000 	C:\Windows\System32\GDI32.dll
0x00007ff937a40000 - 0x00007ff937bd8000 	C:\Windows\System32\gdi32full.dll
0x00007ff938150000 - 0x00007ff9381ee000 	C:\Windows\System32\msvcp_win.dll
0x00007ff937d80000 - 0x00007ff937e7a000 	C:\Windows\System32\ucrtbase.dll
0x00007ff922dd0000 - 0x00007ff923054000 	C:\Windows\WinSxS\amd64_microsoft.windows.common-controls_6595b64144ccf1df_6.0.18362.1440_none_9e7dbfb9e45e8e67\COMCTL32.dll
0x00007ff939af0000 - 0x00007ff939e26000 	C:\Windows\System32\combase.dll
0x00007ff937be0000 - 0x00007ff937c61000 	C:\Windows\System32\bcryptPrimitives.dll
0x00007ff939210000 - 0x00007ff93923e000 	C:\Windows\System32\IMM32.DLL
0x0000000065170000 - 0x0000000065242000 	C:\Program Files\Android\Android Studio\jre\jre\bin\msvcr100.dll
0x0000000064050000 - 0x000000006489b000 	C:\Program Files\Android\Android Studio\jre\jre\bin\server\jvm.dll
0x00007ff939240000 - 0x00007ff939248000 	C:\Windows\System32\PSAPI.DLL
0x00007ff915500000 - 0x00007ff915509000 	C:\Windows\SYSTEM32\WSOCK32.dll
0x00007ff934390000 - 0x00007ff9343b4000 	C:\Windows\SYSTEM32\WINMM.dll
0x00007ff92f680000 - 0x00007ff92f68a000 	C:\Windows\SYSTEM32\VERSION.dll
0x00007ff939710000 - 0x00007ff93977f000 	C:\Windows\System32\WS2_32.dll
0x00007ff934360000 - 0x00007ff93438d000 	C:\Windows\SYSTEM32\WINMMBASE.dll
0x00007ff937830000 - 0x00007ff93787a000 	C:\Windows\System32\cfgmgr32.dll
0x00007ff934400000 - 0x00007ff93440f000 	C:\Program Files\Android\Android Studio\jre\jre\bin\verify.dll
0x00007ff930100000 - 0x00007ff930129000 	C:\Program Files\Android\Android Studio\jre\jre\bin\java.dll
0x00007ff930ed0000 - 0x00007ff930ee6000 	C:\Program Files\Android\Android Studio\jre\jre\bin\zip.dll
0x00007ff939f80000 - 0x00007ff93a668000 	C:\Windows\System32\SHELL32.dll
0x00007ff939660000 - 0x00007ff939707000 	C:\Windows\System32\shcore.dll
0x00007ff9381f0000 - 0x00007ff93896b000 	C:\Windows\System32\windows.storage.dll
0x00007ff937810000 - 0x00007ff93782e000 	C:\Windows\System32\profapi.dll
0x00007ff9377c0000 - 0x00007ff93780a000 	C:\Windows\System32\powrprof.dll
0x00007ff937770000 - 0x00007ff937780000 	C:\Windows\System32\UMPDC.dll
0x00007ff9391b0000 - 0x00007ff939202000 	C:\Windows\System32\shlwapi.dll
0x00007ff9377a0000 - 0x00007ff9377b1000 	C:\Windows\System32\kernel.appcore.dll
0x00007ff937e80000 - 0x00007ff937e97000 	C:\Windows\System32\cryptsp.dll
0x00007ff930690000 - 0x00007ff9306aa000 	C:\Program Files\Android\Android Studio\jre\jre\bin\net.dll
0x00007ff936f60000 - 0x00007ff936fc7000 	C:\Windows\system32\mswsock.dll
0x00007ff930590000 - 0x00007ff9305a3000 	C:\Program Files\Android\Android Studio\jre\jre\bin\nio.dll

VM Arguments:
java_command: org.jetbrains.kotlin.cli.jvm.K2JVMCompiler @D:\AndroidStudio\Project\AndroidProject90820\app\build\20210328_2300525362319858740.compiler.options
java_class_path (initial): C:\Users\legio\.gradle\caches\modules-2\files-2.1\org.jetbrains.kotlin\kotlin-compiler-embeddable\1.4.31\6451ea797cef544e81f507b0d9959cd97ae09c0\kotlin-compiler-embeddable-1.4.31.jar;C:\Users\legio\.gradle\caches\modules-2\files-2.1\org.jetbrains.kotlin\kotlin-reflect\1.4.31\63db9d66c3d20f7b8f66196e7ba86969daae8b8a\kotlin-reflect-1.4.31.jar;C:\Users\legio\.gradle\caches\modules-2\files-2.1\org.jetbrains.kotlin\kotlin-stdlib\1.4.31\a58e0fb9812a6a93ca24b5da75e4b5a0cb89c957\kotlin-stdlib-1.4.31.jar;C:\Users\legio\.gradle\caches\modules-2\files-2.1\org.jetbrains.kotlin\kotlin-script-runtime\1.4.31\183616b52cfb8ddaa8a2a15bf926e87dfcddcde3\kotlin-script-runtime-1.4.31.jar;C:\Users\legio\.gradle\caches\modules-2\files-2.1\org.jetbrains.kotlin\kotlin-daemon-embeddable\1.4.31\10faf8ac3dd5975ed972b2bc395b4ffc7ffde246\kotlin-daemon-embeddable-1.4.31.jar;C:\Users\legio\.gradle\caches\modules-2\files-2.1\org.jetbrains.intellij.deps\trove4j\1.0.20181211\216c2e14b070f334479d800987affe4054cd563f\trove4j-1.0.20181211.jar;C:\Users\legio\.gradle\caches\modules-2\files-2.1\org.jetbrains.kotlin\kotlin-stdlib-common\1.4.31\6dd50665802f54ba9bc3f70ecb20227d1bc81323\kotlin-stdlib-common-1.4.31.jar;C:\Users\legio\.gradle\caches\modules-2\files-2.1\org.jetbrains\annotations\13.0\919f0dfe192fb4e063e7dacadee7f8bb9a2672a9\annotations-13.0.jar;C:\Program Files\Android\Android Studio\jre\lib\tools.jar
Launcher Type: SUN_STANDARD

Environment Variables:
JAVA_HOME=C:\Program Files\Java\jdk1.8.0_221
JRE_HOME=C:\Program Files\Java\jre1.8.0_261
PATH=C:\Program Files (x86)\Common Files\Oracle\Java\javapath;C:\Windows\system32;C:\Windows;C:\Windows\System32\Wbem;C:\Windows\System32\WindowsPowerShell\v1.0\;C:\Windows\System32\OpenSSH\;C:\Program Files (x86)\NVIDIA Corporation\PhysX\Common;C:\Program Files\NVIDIA Corporation\NVIDIA NvDLISR;C:\Program Files\Git\cmd;C:\Program Files\PostgreSQL\12\bin;C:\Program Files\dotnet\;C:\Program Files\Microsoft SQL Server\Client SDK\ODBC\170\Tools\Binn\;C:\Program Files (x86)\Microsoft SQL Server\150\Tools\Binn\;C:\Program Files\Microsoft SQL Server\150\Tools\Binn\;C:\Program Files\Microsoft SQL Server\150\DTS\Binn\;C:\Program Files (x86)\Microsoft SQL Server\150\DTS\Binn\;C:\Program Files\Docker\Docker\resources\bin;C:\ProgramData\DockerDesktop\version-bin;C:\Users\legio\AppData\Local\Programs\Python\Python39\Scripts\;C:\Users\legio\AppData\Local\Programs\Python\Python39\;C:\Users\legio\AppData\Local\Microsoft\WindowsApps;C:\Program Files\Java\jdk1.8.0_221\bin;C:\Users\legio\AppData\Local\Programs\MiKTeX 2.9\miktex\bin\x64\;C:\Program Files\JetBrains\IntelliJ IDEA 2020.2.1\bin;;C:\Users\legio\AppData\Local\GitHubDesktop\bin;C:\Program Files\PostgreSQL\12\bin;C:\Program Files\heroku\bin;C:\Program Files\JetBrains\PyCharm Community Edition 2020.3.2\bin;
USERNAME=legio
OS=Windows_NT
PROCESSOR_IDENTIFIER=Intel64 Family 6 Model 142 Stepping 9, GenuineIntel



---------------  S Y S T E M  ---------------

OS: Windows 10.0 , 64 bit Build 18362 (10.0.18362.1350)

CPU:total 4 (initial active 4) (2 cores per cpu, 2 threads per core) family 6 model 142 stepping 9, cmov, cx8, fxsr, mmx, sse, sse2, sse3, ssse3, sse4.1, sse4.2, popcnt, avx, avx2, aes, clmul, erms, 3dnowpref, lzcnt, ht, tsc, tscinvbit, bmi1, bmi2, adx

Memory: 4k page, physical 16642276k(2507740k free), swap 16642276k(3008k free)

vm_info: OpenJDK 64-Bit Server VM (25.242-b01) for windows-amd64 JRE (1.8.0_242-release-1644-b01), built by "builder" with MS VC++ 10.0 (VS2010)

time: Sun Mar 28 14:04:36 2021
timezone: Турция (зима)
elapsed time: 13 seconds (0d 0h 0m 13s)

